#
# A fatal error has been detected by the Java Runtime Environment:
#
#  SIGBUS (0xa) at pc=0x00007fff88dbeabb, pid=84013, tid=25859
#
# JRE version: Java(TM) SE Runtime Environment (7.0_60-b19) (build 1.7.0_60-b19)
# Java VM: Java HotSpot(TM) 64-Bit Server VM (24.60-b09 mixed mode bsd-amd64 compressed oops)
# Problematic frame:
# C  [libsystem_c.dylib+0x1abb]  memmove$VARIANT$sse42+0xd3
#
# Failed to write core dump. Core dumps have been disabled. To enable core dumping, try "ulimit -c unlimited" before starting Java again
#
# If you would like to submit a bug report, please visit:
#   http://bugreport.sun.com/bugreport/crash.jsp
# The crash happened outside the Java Virtual Machine in native code.
# See problematic frame for where to report the bug.
#

---------------  T H R E A D  ---------------

Current thread (0x00007fd852863800):  JavaThread "nioEventLoopGroup-2-1" [_thread_in_native, id=25859, stack(0x00000001998bf000,0x00000001999bf000)]

siginfo:si_signo=SIGBUS: si_errno=0, si_code=2 (BUS_ADRERR), si_addr=0x00000001997ac000

Registers:
RAX=0x00007fd6b9110127, RBX=0x00000001997aa2ab, RCX=0xffffffffffffb3c0, RDX=0x0000000000000034
RSP=0x00000001999bba00, RBP=0x00000001999bba00, RSI=0x00000001997b0c19, RDI=0x00007fd8528c0d40
R8 =0x000000000000000b, R9 =0x00007fd852878e00, R10=0x0000000000001600, R11=0x00007fd8528ba400
R12=0x000000004f676e69, R13=0x000000006c632e74, R14=0x0000000061726570, R15=0x0000000000006e6f
RIP=0x00007fff88dbeabb, EFLAGS=0x0000000000010286, ERR=0x0000000000000004
  TRAPNO=0x000000000000000e

Top of Stack: (sp=0x00000001999bba00)
0x00000001999bba00:   00000001999bba70 000000010a4a222b
0x00000001999bba10:   0000006f999bbe60 000000000000006e
0x00000001999bba20:   0000000000005024 00007fd8528ba400
0x00000001999bba30:   0000000000006974 00007fd850c1ed70
0x00000001999bba40:   00007fd851a391d0 000000004c546ec4
0x00000001999bba50:   0000000000024c90 00000001996a8000
0x00000001999bba60:   00007fd850c1ed70 00007fd851a38700
0x00000001999bba70:   00000001999bbac0 000000010a4a2725
0x00000001999bba80:   000000000000004b 0000004b52863800
0x00000001999bba90:   00000001999bbade 00000001999bbfa8
0x00000001999bbaa0:   000000000000004b 00000001999bbade
0x00000001999bbab0:   00007fd850c1ed70 00007fd8528639e8
0x00000001999bbac0:   00000001999bbf10 000000010a4a1570
0x00000001999bbad0:   0000000100000000 726f000000000001
0x00000001999bbae0:   696e69666e692f67 696c632f6e617073
0x00000001999bbaf0:   72746f682f746e65 2f6c706d692f646f
0x00000001999bbb00:   6f6974617265706f 4f676e69502f736e
0x00000001999bbb10:   6e6f697461726570 736552676e695024
0x00000001999bbb20:   73616c632e746c75 0000000000000073
0x00000001999bbb30:   00007fd800000000 00007fd800000000
0x00000001999bbb40:   0000000000000000 0000000000000000
0x00000001999bbb50:   00007fd800000000 00007fd800000000
0x00000001999bbb60:   00007fd800000000 00007fd800000000
0x00000001999bbb70:   0000000100000000 0000000100000000
0x00000001999bbb80:   0000000100000000 0000000000000000
0x00000001999bbb90:   00007fd800000000 0000000000000000
0x00000001999bbba0:   0000000100000000 00007fff00000000
0x00000001999bbbb0:   0000000100001870 00007fd800000000
0x00000001999bbbc0:   0000000000000000 0000000100000000
0x00000001999bbbd0:   00007fd800000000 0000000000000000
0x00000001999bbbe0:   0000000100000000 00007fd800000000
0x00000001999bbbf0:   0000000100000000 0000000100000000 

Instructions: (pc=0x00007fff88dbeabb)
0x00007fff88dbea9b:   5c 0f 30 48 83 c1 40 75 cc e9 57 ff ff ff 0f 1f
0x00007fff88dbeaab:   80 00 00 00 00 f3 0f 6f 04 0e f3 0f 6f 4c 0e 10
0x00007fff88dbeabb:   f3 0f 6f 54 0e 20 f3 0f 6f 5c 0e 30 66 0f 7f 04
0x00007fff88dbeacb:   0f 66 0f 7f 4c 0f 10 66 0f 7f 54 0f 20 66 0f 7f 

Register to memory mapping:

RAX=0x00007fd6b9110127 is an unknown value
RBX=0x00000001997aa2ab is an unknown value
RCX=0xffffffffffffb3c0 is an unknown value
RDX=0x0000000000000034 is an unknown value
RSP=0x00000001999bba00 is pointing into the stack for thread: 0x00007fd852863800
RBP=0x00000001999bba00 is pointing into the stack for thread: 0x00007fd852863800
RSI=0x00000001997b0c19 is pointing into the stack for thread: 0x00007fd8520a5000
RDI=0x00007fd8528c0d40 is an unknown value
R8 =0x000000000000000b is an unknown value
R9 =0x00007fd852878e00 is an unknown value
R10=0x0000000000001600 is an unknown value
R11=0x00007fd8528ba400 is an unknown value
R12=0x000000004f676e69 is an unknown value
R13=0x000000006c632e74 is an unknown value
R14=0x0000000061726570 is an unknown value
R15=0x0000000000006e6f is an unknown value


Stack: [0x00000001998bf000,0x00000001999bf000],  sp=0x00000001999bba00,  free space=1010k
Native frames: (J=compiled Java code, j=interpreted, Vv=VM code, C=native code)
C  [libsystem_c.dylib+0x1abb]  memmove$VARIANT$sse42+0xd3
C  [libzip.dylib+0x322b]  newEntry+0x2c8
C  [libzip.dylib+0x3725]  ZIP_GetEntry+0xa2
C  [libzip.dylib+0x2570]  Java_java_util_zip_ZipFile_getEntry+0xdd
j  java.util.zip.ZipFile.getEntry(J[BZ)J+0
j  java.util.zip.ZipFile.getEntry(Ljava/lang/String;)Ljava/util/zip/ZipEntry;+38
j  java.util.jar.JarFile.getEntry(Ljava/lang/String;)Ljava/util/zip/ZipEntry;+2
j  java.util.jar.JarFile.getJarEntry(Ljava/lang/String;)Ljava/util/jar/JarEntry;+2
j  sun.misc.URLClassPath$JarLoader.getResource(Ljava/lang/String;Z)Lsun/misc/Resource;+48
j  sun.misc.URLClassPath.getResource(Ljava/lang/String;Z)Lsun/misc/Resource;+53
j  java.net.URLClassLoader$1.run()Ljava/lang/Class;+26
j  java.net.URLClassLoader$1.run()Ljava/lang/Object;+1
v  ~StubRoutines::call_stub
V  [libjvm.dylib+0x2db350]  JavaCalls::call_helper(JavaValue*, methodHandle*, JavaCallArguments*, Thread*)+0x22a
V  [libjvm.dylib+0x2db120]  JavaCalls::call(JavaValue*, methodHandle, JavaCallArguments*, Thread*)+0x28
V  [libjvm.dylib+0x32e8f0]  JVM_DoPrivileged+0x411
j  java.security.AccessController.doPrivileged(Ljava/security/PrivilegedExceptionAction;Ljava/security/AccessControlContext;)Ljava/lang/Object;+0
j  java.net.URLClassLoader.findClass(Ljava/lang/String;)Ljava/lang/Class;+13
j  java.lang.ClassLoader.loadClass(Ljava/lang/String;Z)Ljava/lang/Class;+70
j  sun.misc.Launcher$AppClassLoader.loadClass(Ljava/lang/String;Z)Ljava/lang/Class;+36
j  java.lang.ClassLoader.loadClass(Ljava/lang/String;)Ljava/lang/Class;+3
v  ~StubRoutines::call_stub
V  [libjvm.dylib+0x2db350]  JavaCalls::call_helper(JavaValue*, methodHandle*, JavaCallArguments*, Thread*)+0x22a
V  [libjvm.dylib+0x2db867]  JavaCalls::call_virtual(JavaValue*, KlassHandle, Symbol*, Symbol*, JavaCallArguments*, Thread*)+0x11b
V  [libjvm.dylib+0x2db950]  JavaCalls::call_virtual(JavaValue*, Handle, KlassHandle, Symbol*, Symbol*, Handle, Thread*)+0x56
V  [libjvm.dylib+0x4c98a2]  SystemDictionary::load_instance_class(Symbol*, Handle, Thread*)+0x300
V  [libjvm.dylib+0x4c920e]  SystemDictionary::resolve_instance_class_or_null(Symbol*, Handle, Handle, Thread*)+0x4bc
V  [libjvm.dylib+0x4c9ae6]  SystemDictionary::resolve_or_null(Symbol*, Handle, Handle, Thread*)+0x104
V  [libjvm.dylib+0x4c9f17]  SystemDictionary::resolve_or_fail(Symbol*, Handle, Handle, bool, Thread*)+0x31
V  [libjvm.dylib+0x1e99c6]  constantPoolOopDesc::klass_at_impl(constantPoolHandle, int, Thread*)+0x1fa
V  [libjvm.dylib+0x3a1f48]  LinkResolver::resolve_klass(KlassHandle&, constantPoolHandle, int, Thread*)+0x20
V  [libjvm.dylib+0x3a2095]  LinkResolver::resolve_field(FieldAccessInfo&, constantPoolHandle, int, Bytecodes::Code, bool, bool, Thread*)+0x81
V  [libjvm.dylib+0x3a27ad]  LinkResolver::resolve_field(FieldAccessInfo&, constantPoolHandle, int, Bytecodes::Code, bool, Thread*)+0x17
V  [libjvm.dylib+0x2d6ba7]  InterpreterRuntime::resolve_get_put(JavaThread*, Bytecodes::Code)+0xc1
j  org.infinispan.client.hotrod.impl.operations.PingOperation.execute()Lorg/infinispan/client/hotrod/impl/operations/PingOperation$PingResult;+59
j  org.infinispan.client.hotrod.impl.operations.FaultTolerantPingOperation.executeOperation(Lorg/infinispan/client/hotrod/impl/transport/Transport;)Lorg/infinispan/client/hotrod/impl/operations/PingOperation$PingResult;+20
j  org.infinispan.client.hotrod.impl.operations.FaultTolerantPingOperation.executeOperation(Lorg/infinispan/client/hotrod/impl/transport/Transport;)Ljava/lang/Object;+2
j  org.infinispan.client.hotrod.impl.operations.RetryOnFailureOperation.execute()Ljava/lang/Object;+20
j  org.infinispan.client.hotrod.impl.RemoteCacheImpl.ping()Lorg/infinispan/client/hotrod/impl/operations/PingOperation$PingResult;+7
j  org.infinispan.client.hotrod.RemoteCacheManager.ping(Lorg/infinispan/client/hotrod/impl/RemoteCacheImpl;)Lorg/infinispan/client/hotrod/impl/operations/PingOperation$PingResult;+12
j  org.infinispan.client.hotrod.RemoteCacheManager.createRemoteCache(Ljava/lang/String;Ljava/lang/Boolean;)Lorg/infinispan/client/hotrod/RemoteCache;+88
j  org.infinispan.client.hotrod.RemoteCacheManager.getCache(Ljava/lang/String;Z)Lorg/infinispan/client/hotrod/RemoteCache;+6
j  org.infinispan.client.hotrod.RemoteCacheManager.getCache(Ljava/lang/String;)Lorg/infinispan/client/hotrod/RemoteCache;+9
j  jp.ac.keio.sfc.ht.memsys.ghost.cache.RemoteCacheContainer.getCache(Ljava/lang/String;)Lorg/infinispan/client/hotrod/RemoteCache;+18
j  jp.ac.keio.sfc.ht.memsys.ghost.client.ObjectEchoClientHandler.channelRead(Lio/netty/channel/ChannelHandlerContext;Ljava/lang/Object;)V+99
j  io.netty.channel.DefaultChannelHandlerContext.invokeChannelRead(Ljava/lang/Object;)V+11
j  io.netty.channel.DefaultChannelHandlerContext.fireChannelRead(Ljava/lang/Object;)Lio/netty/channel/ChannelHandlerContext;+35
j  io.netty.handler.codec.ByteToMessageDecoder.channelRead(Lio/netty/channel/ChannelHandlerContext;Ljava/lang/Object;)V+344
j  io.netty.channel.DefaultChannelHandlerContext.invokeChannelRead(Ljava/lang/Object;)V+11
j  io.netty.channel.DefaultChannelHandlerContext.fireChannelRead(Ljava/lang/Object;)Lio/netty/channel/ChannelHandlerContext;+35
j  io.netty.channel.DefaultChannelPipeline.fireChannelRead(Ljava/lang/Object;)Lio/netty/channel/ChannelPipeline;+5
j  io.netty.channel.nio.AbstractNioByteChannel$NioByteUnsafe.read()V+212
j  io.netty.channel.nio.NioEventLoop.processSelectedKey(Ljava/nio/channels/SelectionKey;Lio/netty/channel/nio/AbstractNioChannel;)V+44
j  io.netty.channel.nio.NioEventLoop.processSelectedKeysOptimized([Ljava/nio/channels/SelectionKey;)V+33
j  io.netty.channel.nio.NioEventLoop.run()V+77
j  io.netty.util.concurrent.SingleThreadEventExecutor$2.run()V+13
j  java.lang.Thread.run()V+11
v  ~StubRoutines::call_stub
V  [libjvm.dylib+0x2db350]  JavaCalls::call_helper(JavaValue*, methodHandle*, JavaCallArguments*, Thread*)+0x22a
V  [libjvm.dylib+0x2db867]  JavaCalls::call_virtual(JavaValue*, KlassHandle, Symbol*, Symbol*, JavaCallArguments*, Thread*)+0x11b
V  [libjvm.dylib+0x2db9a4]  JavaCalls::call_virtual(JavaValue*, Handle, KlassHandle, Symbol*, Symbol*, Thread*)+0x4a
V  [libjvm.dylib+0x32a876]  thread_entry(JavaThread*, Thread*)+0xad
V  [libjvm.dylib+0x4f5c11]  JavaThread::thread_main_inner()+0x9b
V  [libjvm.dylib+0x4f7319]  JavaThread::run()+0x1a3
V  [libjvm.dylib+0x420b4e]  java_start(Thread*)+0x126
C  [libsystem_c.dylib+0x14772]  _pthread_start+0x147
C  [libsystem_c.dylib+0x11a1]  thread_start+0xd

Java frames: (J=compiled Java code, j=interpreted, Vv=VM code)
j  java.util.zip.ZipFile.getEntry(J[BZ)J+0
j  java.util.zip.ZipFile.getEntry(Ljava/lang/String;)Ljava/util/zip/ZipEntry;+38
j  java.util.jar.JarFile.getEntry(Ljava/lang/String;)Ljava/util/zip/ZipEntry;+2
j  java.util.jar.JarFile.getJarEntry(Ljava/lang/String;)Ljava/util/jar/JarEntry;+2
j  sun.misc.URLClassPath$JarLoader.getResource(Ljava/lang/String;Z)Lsun/misc/Resource;+48
j  sun.misc.URLClassPath.getResource(Ljava/lang/String;Z)Lsun/misc/Resource;+53
j  java.net.URLClassLoader$1.run()Ljava/lang/Class;+26
j  java.net.URLClassLoader$1.run()Ljava/lang/Object;+1
v  ~StubRoutines::call_stub
j  java.security.AccessController.doPrivileged(Ljava/security/PrivilegedExceptionAction;Ljava/security/AccessControlContext;)Ljava/lang/Object;+0
j  java.net.URLClassLoader.findClass(Ljava/lang/String;)Ljava/lang/Class;+13
j  java.lang.ClassLoader.loadClass(Ljava/lang/String;Z)Ljava/lang/Class;+70
j  sun.misc.Launcher$AppClassLoader.loadClass(Ljava/lang/String;Z)Ljava/lang/Class;+36
j  java.lang.ClassLoader.loadClass(Ljava/lang/String;)Ljava/lang/Class;+3
v  ~StubRoutines::call_stub
j  org.infinispan.client.hotrod.impl.operations.PingOperation.execute()Lorg/infinispan/client/hotrod/impl/operations/PingOperation$PingResult;+59
j  org.infinispan.client.hotrod.impl.operations.FaultTolerantPingOperation.executeOperation(Lorg/infinispan/client/hotrod/impl/transport/Transport;)Lorg/infinispan/client/hotrod/impl/operations/PingOperation$PingResult;+20
j  org.infinispan.client.hotrod.impl.operations.FaultTolerantPingOperation.executeOperation(Lorg/infinispan/client/hotrod/impl/transport/Transport;)Ljava/lang/Object;+2
j  org.infinispan.client.hotrod.impl.operations.RetryOnFailureOperation.execute()Ljava/lang/Object;+20
j  org.infinispan.client.hotrod.impl.RemoteCacheImpl.ping()Lorg/infinispan/client/hotrod/impl/operations/PingOperation$PingResult;+7
j  org.infinispan.client.hotrod.RemoteCacheManager.ping(Lorg/infinispan/client/hotrod/impl/RemoteCacheImpl;)Lorg/infinispan/client/hotrod/impl/operations/PingOperation$PingResult;+12
j  org.infinispan.client.hotrod.RemoteCacheManager.createRemoteCache(Ljava/lang/String;Ljava/lang/Boolean;)Lorg/infinispan/client/hotrod/RemoteCache;+88
j  org.infinispan.client.hotrod.RemoteCacheManager.getCache(Ljava/lang/String;Z)Lorg/infinispan/client/hotrod/RemoteCache;+6
j  org.infinispan.client.hotrod.RemoteCacheManager.getCache(Ljava/lang/String;)Lorg/infinispan/client/hotrod/RemoteCache;+9
j  jp.ac.keio.sfc.ht.memsys.ghost.cache.RemoteCacheContainer.getCache(Ljava/lang/String;)Lorg/infinispan/client/hotrod/RemoteCache;+18
j  jp.ac.keio.sfc.ht.memsys.ghost.client.ObjectEchoClientHandler.channelRead(Lio/netty/channel/ChannelHandlerContext;Ljava/lang/Object;)V+99
j  io.netty.channel.DefaultChannelHandlerContext.invokeChannelRead(Ljava/lang/Object;)V+11
j  io.netty.channel.DefaultChannelHandlerContext.fireChannelRead(Ljava/lang/Object;)Lio/netty/channel/ChannelHandlerContext;+35
j  io.netty.handler.codec.ByteToMessageDecoder.channelRead(Lio/netty/channel/ChannelHandlerContext;Ljava/lang/Object;)V+344
j  io.netty.channel.DefaultChannelHandlerContext.invokeChannelRead(Ljava/lang/Object;)V+11
j  io.netty.channel.DefaultChannelHandlerContext.fireChannelRead(Ljava/lang/Object;)Lio/netty/channel/ChannelHandlerContext;+35
j  io.netty.channel.DefaultChannelPipeline.fireChannelRead(Ljava/lang/Object;)Lio/netty/channel/ChannelPipeline;+5
j  io.netty.channel.nio.AbstractNioByteChannel$NioByteUnsafe.read()V+212
j  io.netty.channel.nio.NioEventLoop.processSelectedKey(Ljava/nio/channels/SelectionKey;Lio/netty/channel/nio/AbstractNioChannel;)V+44
j  io.netty.channel.nio.NioEventLoop.processSelectedKeysOptimized([Ljava/nio/channels/SelectionKey;)V+33
j  io.netty.channel.nio.NioEventLoop.run()V+77
j  io.netty.util.concurrent.SingleThreadEventExecutor$2.run()V+13
j  java.lang.Thread.run()V+11
v  ~StubRoutines::call_stub

---------------  P R O C E S S  ---------------

Java Threads: ( => current thread )
  0x00007fd851021000 JavaThread "Timer-0" daemon [_thread_blocked, id=26371, stack(0x0000000199a10000,0x0000000199b10000)]
=>0x00007fd852863800 JavaThread "nioEventLoopGroup-2-1" [_thread_in_native, id=25859, stack(0x00000001998bf000,0x00000001999bf000)]
  0x00007fd852000800 JavaThread "DestroyJavaVM" [_thread_blocked, id=3591, stack(0x000000010a2d3000,0x000000010a3d3000)]
  0x00007fd8520a5000 JavaThread "Thread-0" [_thread_blocked, id=24071, stack(0x00000001997ad000,0x00000001998ad000)]
  0x00007fd852055000 JavaThread "Service Thread" daemon [_thread_blocked, id=23043, stack(0x00000001993c5000,0x00000001994c5000)]
  0x00007fd852054000 JavaThread "C2 CompilerThread1" daemon [_thread_blocked, id=22531, stack(0x00000001992c2000,0x00000001993c2000)]
  0x00007fd852052800 JavaThread "C2 CompilerThread0" daemon [_thread_blocked, id=22019, stack(0x00000001991bf000,0x00000001992bf000)]
  0x00007fd852051800 JavaThread "Signal Dispatcher" daemon [_thread_blocked, id=21507, stack(0x00000001990bc000,0x00000001991bc000)]
  0x00007fd85204f800 JavaThread "Finalizer" daemon [_thread_blocked, id=16899, stack(0x0000000198e83000,0x0000000198f83000)]
  0x00007fd85204e800 JavaThread "Reference Handler" daemon [_thread_blocked, id=16387, stack(0x0000000198d80000,0x0000000198e80000)]

Other Threads:
  0x00007fd85204c000 VMThread [stack: 0x0000000198c7d000,0x0000000198d7d000] [id=15875]
  0x00007fd852051000 WatcherThread [stack: 0x00000001994c8000,0x00000001995c8000] [id=23555]

VM state:not at safepoint (normal execution)

VM Mutex/Monitor currently owned by a thread: None

Heap
 PSYoungGen      total 38912K, used 17311K [0x0000000167d00000, 0x000000016a800000, 0x0000000192800000)
  eden space 33792K, 51% used [0x0000000167d00000,0x0000000168de7c88,0x0000000169e00000)
  from space 5120K, 0% used [0x000000016a300000,0x000000016a300000,0x000000016a800000)
  to   space 5120K, 0% used [0x0000000169e00000,0x0000000169e00000,0x000000016a300000)
 ParOldGen       total 87040K, used 0K [0x0000000112800000, 0x0000000117d00000, 0x0000000167d00000)
  object space 87040K, 0% used [0x0000000112800000,0x0000000112800000,0x0000000117d00000)
 PSPermGen       total 21504K, used 8353K [0x000000010d600000, 0x000000010eb00000, 0x0000000112800000)
  object space 21504K, 38% used [0x000000010d600000,0x000000010de28600,0x000000010eb00000)

Card table byte_map: [0x0000000192800000,0x0000000192c2a000] byte_map_base: 0x0000000191f95000

Polling page: 0x000000010a412000

Code Cache  [0x000000010a4a8000, 0x000000010a718000, 0x000000010d4a8000)
 total_blobs=307 nmethods=23 adapters=238 free_code_cache=48677Kb largest_free_block=49840896

Compilation events (10 events):
Event: 0.491 Thread 0x00007fd852054000   19             java.util.HashMap::indexFor (6 bytes)
Event: 0.491 Thread 0x00007fd852054000 nmethod 19 0x000000010a5140d0 code [0x000000010a514200, 0x000000010a514238]
Event: 0.499 Thread 0x00007fd852052800   20             java.util.HashMap::getEntry (86 bytes)
Event: 0.501 Thread 0x00007fd852052800 nmethod 20 0x000000010a513b50 code [0x000000010a513cc0, 0x000000010a513ee8]
Event: 0.546 Thread 0x00007fd852054000   21             java.util.HashMap::get (29 bytes)
Event: 0.549 Thread 0x00007fd852054000 nmethod 21 0x000000010a518ad0 code [0x000000010a518c40, 0x000000010a518e68]
Event: 60.549 Thread 0x00007fd852052800   22             java.lang.String::startsWith (72 bytes)
Event: 60.551 Thread 0x00007fd852052800 nmethod 22 0x000000010a51dfd0 code [0x000000010a51e120, 0x000000010a51e258]
Event: 60.587 Thread 0x00007fd852054000   23             java.lang.String::<init> (67 bytes)
Event: 60.589 Thread 0x00007fd852054000 nmethod 23 0x000000010a519210 code [0x000000010a519360, 0x000000010a5195f8]

GC Heap History (0 events):
No events

Deoptimization events (1 events):
Event: 60.598 Thread 0x00007fd852863800 Uncommon trap: reason=unloaded action=reinterpret pc=0x000000010a5118c0 method=java.lang.CharacterData.of(I)Ljava/lang/CharacterData; @ 96

Internal exceptions (10 events):
Event: 60.604 Thread 0x00007fd852863800 Threw 0x0000000168c32178 at /HUDSON/workspace/7u-2-build-macosx-x86_64/jdk7u60/1081/hotspot/src/share/vm/prims/jvm.cpp:1244
Event: 60.604 Thread 0x00007fd852863800 Threw 0x0000000168c3ca98 at /HUDSON/workspace/7u-2-build-macosx-x86_64/jdk7u60/1081/hotspot/src/share/vm/prims/jvm.cpp:1244
Event: 60.605 Thread 0x00007fd852863800 Threw 0x0000000168c41310 at /HUDSON/workspace/7u-2-build-macosx-x86_64/jdk7u60/1081/hotspot/src/share/vm/prims/jvm.cpp:1244
Event: 60.605 Thread 0x00007fd852863800 Threw 0x0000000168c46660 at /HUDSON/workspace/7u-2-build-macosx-x86_64/jdk7u60/1081/hotspot/src/share/vm/prims/jvm.cpp:1244
Event: 60.606 Thread 0x00007fd852863800 Threw 0x0000000168c4d498 at /HUDSON/workspace/7u-2-build-macosx-x86_64/jdk7u60/1081/hotspot/src/share/vm/prims/jvm.cpp:1244
Event: 60.606 Thread 0x00007fd852863800 Threw 0x0000000168c4db88 at /HUDSON/workspace/7u-2-build-macosx-x86_64/jdk7u60/1081/hotspot/src/share/vm/prims/jvm.cpp:1244
Event: 60.606 Thread 0x00007fd852863800 Threw 0x0000000168c4fb78 at /HUDSON/workspace/7u-2-build-macosx-x86_64/jdk7u60/1081/hotspot/src/share/vm/prims/jvm.cpp:1244
Event: 60.606 Thread 0x00007fd852863800 Threw 0x0000000168c50258 at /HUDSON/workspace/7u-2-build-macosx-x86_64/jdk7u60/1081/hotspot/src/share/vm/prims/jvm.cpp:1244
Event: 60.607 Thread 0x00007fd852863800 Threw 0x0000000168c54c40 at /HUDSON/workspace/7u-2-build-macosx-x86_64/jdk7u60/1081/hotspot/src/share/vm/prims/jvm.cpp:1244
Event: 300.659 Thread 0x00007fd852863800 Threw 0x0000000168d1d0d0 at /HUDSON/workspace/7u-2-build-macosx-x86_64/jdk7u60/1081/hotspot/src/share/vm/prims/jvm.cpp:1244

Events (10 events):
Event: 240.612 Executing VM operation: RevokeBias
Event: 240.612 Executing VM operation: RevokeBias done
Event: 240.612 Executing VM operation: RevokeBias
Event: 240.612 Executing VM operation: RevokeBias done
Event: 240.612 Executing VM operation: RevokeBias
Event: 240.612 Executing VM operation: RevokeBias done
Event: 240.612 Executing VM operation: RevokeBias
Event: 240.612 Executing VM operation: RevokeBias done
Event: 300.659 loading class 0x00007fd850c226c0
Event: 300.659 loading class 0x00007fd850c226c0 done


Dynamic libraries:
0x00000000001a7000 	/System/Library/Frameworks/Cocoa.framework/Versions/A/Cocoa
0x00000000001a7000 	/System/Library/Frameworks/Security.framework/Versions/A/Security
0x00000000001a7000 	/System/Library/Frameworks/ApplicationServices.framework/Versions/A/ApplicationServices
0x00000000001a7000 	/usr/lib/libz.1.dylib
0x00000000001a7000 	/usr/lib/libSystem.B.dylib
0x00000000001a7000 	/usr/lib/libobjc.A.dylib
0x00000000001a7000 	/System/Library/Frameworks/CoreFoundation.framework/Versions/A/CoreFoundation
0x00000000001a7000 	/System/Library/Frameworks/Foundation.framework/Versions/C/Foundation
0x00000000001a7000 	/System/Library/Frameworks/AppKit.framework/Versions/C/AppKit
0x00000000001a7000 	/System/Library/Frameworks/CoreData.framework/Versions/A/CoreData
0x00000000001a7000 	/System/Library/PrivateFrameworks/RemoteViewServices.framework/Versions/A/RemoteViewServices
0x00000000001a7000 	/System/Library/Frameworks/AudioToolbox.framework/Versions/A/AudioToolbox
0x00000000001a7000 	/System/Library/Frameworks/AudioUnit.framework/Versions/A/AudioUnit
0x00000000001a7000 	/System/Library/PrivateFrameworks/DataDetectorsCore.framework/Versions/A/DataDetectorsCore
0x00000000001a7000 	/System/Library/PrivateFrameworks/DesktopServicesPriv.framework/Versions/A/DesktopServicesPriv
0x00000000001a7000 	/System/Library/Frameworks/Carbon.framework/Versions/A/Frameworks/HIToolbox.framework/Versions/A/HIToolbox
0x00000000001a7000 	/System/Library/Frameworks/QuartzCore.framework/Versions/A/QuartzCore
0x00000000001a7000 	/System/Library/Frameworks/Carbon.framework/Versions/A/Frameworks/SpeechRecognition.framework/Versions/A/SpeechRecognition
0x00000000001a7000 	/usr/lib/libauto.dylib
0x00000000001a7000 	/usr/lib/libicucore.A.dylib
0x00000000001a7000 	/usr/lib/libxml2.2.dylib
0x00000000001a7000 	/System/Library/PrivateFrameworks/CoreUI.framework/Versions/A/CoreUI
0x00000000001a7000 	/System/Library/Frameworks/CoreAudio.framework/Versions/A/CoreAudio
0x00000000001a7000 	/System/Library/Frameworks/DiskArbitration.framework/Versions/A/DiskArbitration
0x00000000001a7000 	/usr/lib/liblangid.dylib
0x00000000001a7000 	/System/Library/PrivateFrameworks/MultitouchSupport.framework/Versions/A/MultitouchSupport
0x00000000001a7000 	/System/Library/Frameworks/IOKit.framework/Versions/A/IOKit
0x00000000001a7000 	/usr/lib/libDiagnosticMessagesClient.dylib
0x00000000001a7000 	/System/Library/Frameworks/CoreServices.framework/Versions/A/CoreServices
0x00000000001a7000 	/System/Library/PrivateFrameworks/PerformanceAnalysis.framework/Versions/A/PerformanceAnalysis
0x00000000001a7000 	/System/Library/PrivateFrameworks/GenerationalStorage.framework/Versions/A/GenerationalStorage
0x00000000001a7000 	/System/Library/Frameworks/OpenGL.framework/Versions/A/OpenGL
0x00000000001a7000 	/System/Library/Frameworks/CoreText.framework/Versions/A/CoreText
0x00000000001a7000 	/System/Library/Frameworks/ImageIO.framework/Versions/A/ImageIO
0x00000000001a7000 	/System/Library/PrivateFrameworks/Backup.framework/Versions/A/Backup
0x00000000001a7000 	/System/Library/Frameworks/CFNetwork.framework/Versions/A/CFNetwork
0x00000000001a7000 	/System/Library/Frameworks/SystemConfiguration.framework/Versions/A/SystemConfiguration
0x00000000001a7000 	/usr/lib/libCRFSuite.dylib
0x00000000001a7000 	/System/Library/PrivateFrameworks/TCC.framework/Versions/A/TCC
0x00000000001a7000 	/usr/lib/libc++.1.dylib
0x00000000001a7000 	/usr/lib/libc++abi.dylib
0x00000000001a7000 	/usr/lib/system/libcache.dylib
0x00000000001a7000 	/usr/lib/system/libcommonCrypto.dylib
0x00000000001a7000 	/usr/lib/system/libcompiler_rt.dylib
0x00000000001a7000 	/usr/lib/system/libcopyfile.dylib
0x00000000001a7000 	/usr/lib/system/libdispatch.dylib
0x00000000001a7000 	/usr/lib/system/libdnsinfo.dylib
0x00000000001a7000 	/usr/lib/system/libdyld.dylib
0x00000000001a7000 	/usr/lib/system/libkeymgr.dylib
0x00000000001a7000 	/usr/lib/system/liblaunch.dylib
0x00000000001a7000 	/usr/lib/system/libmacho.dylib
0x00000000001a7000 	/usr/lib/system/libquarantine.dylib
0x00000000001a7000 	/usr/lib/system/libremovefile.dylib
0x00000000001a7000 	/usr/lib/system/libsystem_blocks.dylib
0x00000000001a7000 	/usr/lib/system/libsystem_c.dylib
0x00000000001a7000 	/usr/lib/system/libsystem_dnssd.dylib
0x00000000001a7000 	/usr/lib/system/libsystem_info.dylib
0x00000000001a7000 	/usr/lib/system/libsystem_kernel.dylib
0x00000000001a7000 	/usr/lib/system/libsystem_m.dylib
0x00000000001a7000 	/usr/lib/system/libsystem_network.dylib
0x00000000001a7000 	/usr/lib/system/libsystem_notify.dylib
0x00000000001a7000 	/usr/lib/system/libsystem_sandbox.dylib
0x00000000001a7000 	/usr/lib/system/libunc.dylib
0x00000000001a7000 	/usr/lib/system/libunwind.dylib
0x00000000001a7000 	/usr/lib/system/libxpc.dylib
0x00000000001a7000 	/usr/lib/system/libcorecrypto.dylib
0x00000000001a7000 	/usr/lib/libstdc++.6.dylib
0x00000000001a7000 	/usr/lib/libbsm.0.dylib
0x00000000001a7000 	/usr/lib/libsqlite3.dylib
0x00000000001a7000 	/usr/lib/libxar.1.dylib
0x00000000001a7000 	/usr/lib/libpam.2.dylib
0x00000000001a7000 	/usr/lib/libOpenScriptingUtil.dylib
0x00000000001a7000 	/usr/lib/libbz2.1.0.dylib
0x00000000001a7000 	/System/Library/Frameworks/CoreServices.framework/Versions/A/Frameworks/CarbonCore.framework/Versions/A/CarbonCore
0x00000000001a7000 	/System/Library/Frameworks/CoreServices.framework/Versions/A/Frameworks/Metadata.framework/Versions/A/Metadata
0x00000000001a7000 	/System/Library/Frameworks/CoreServices.framework/Versions/A/Frameworks/OSServices.framework/Versions/A/OSServices
0x00000000001a7000 	/System/Library/Frameworks/CoreServices.framework/Versions/A/Frameworks/SearchKit.framework/Versions/A/SearchKit
0x00000000001a7000 	/System/Library/Frameworks/CoreServices.framework/Versions/A/Frameworks/AE.framework/Versions/A/AE
0x00000000001a7000 	/System/Library/Frameworks/CoreServices.framework/Versions/A/Frameworks/LaunchServices.framework/Versions/A/LaunchServices
0x00000000001a7000 	/System/Library/Frameworks/CoreServices.framework/Versions/A/Frameworks/DictionaryServices.framework/Versions/A/DictionaryServices
0x00000000001a7000 	/System/Library/Frameworks/NetFS.framework/Versions/A/NetFS
0x00000000001a7000 	/usr/lib/system/libkxld.dylib
0x00000000001a7000 	/System/Library/PrivateFrameworks/NetAuth.framework/Versions/A/NetAuth
0x00000000001a7000 	/System/Library/Frameworks/OpenDirectory.framework/Versions/A/Frameworks/CFOpenDirectory.framework/Versions/A/CFOpenDirectory
0x00000000001a7000 	/usr/lib/libxslt.1.dylib
0x00000000001a7000 	/System/Library/PrivateFrameworks/FamilyControls.framework/Versions/A/FamilyControls
0x00000000001a7000 	/System/Library/Frameworks/Carbon.framework/Versions/A/Frameworks/Ink.framework/Versions/A/Ink
0x00000000001a7000 	/System/Library/Frameworks/ApplicationServices.framework/Versions/A/Frameworks/CoreGraphics.framework/Versions/A/CoreGraphics
0x00000000001a7000 	/System/Library/Frameworks/ApplicationServices.framework/Versions/A/Frameworks/ATS.framework/Versions/A/ATS
0x00000000001a7000 	/System/Library/Frameworks/ApplicationServices.framework/Versions/A/Frameworks/ColorSync.framework/Versions/A/ColorSync
0x00000000001a7000 	/System/Library/Frameworks/ApplicationServices.framework/Versions/A/Frameworks/HIServices.framework/Versions/A/HIServices
0x00000000001a7000 	/System/Library/Frameworks/ApplicationServices.framework/Versions/A/Frameworks/LangAnalysis.framework/Versions/A/LangAnalysis
0x00000000001a7000 	/System/Library/Frameworks/ApplicationServices.framework/Versions/A/Frameworks/PrintCore.framework/Versions/A/PrintCore
0x00000000001a7000 	/System/Library/Frameworks/ApplicationServices.framework/Versions/A/Frameworks/QD.framework/Versions/A/QD
0x00000000001a7000 	/System/Library/Frameworks/ApplicationServices.framework/Versions/A/Frameworks/SpeechSynthesis.framework/Versions/A/SpeechSynthesis
0x00000000001a7000 	/System/Library/Frameworks/IOSurface.framework/Versions/A/IOSurface
0x00000000001a7000 	/System/Library/Frameworks/Accelerate.framework/Versions/A/Accelerate
0x00000000001a7000 	/System/Library/Frameworks/ApplicationServices.framework/Versions/A/Frameworks/ATS.framework/Versions/A/Resources/libFontParser.dylib
0x00000000001a7000 	/System/Library/Frameworks/ApplicationServices.framework/Versions/A/Frameworks/ATS.framework/Versions/A/Resources/libFontRegistry.dylib
0x00000000001a7000 	/System/Library/Frameworks/Accelerate.framework/Versions/A/Frameworks/vImage.framework/Versions/A/vImage
0x00000000001a7000 	/System/Library/Frameworks/Accelerate.framework/Versions/A/Frameworks/vecLib.framework/Versions/A/vecLib
0x00000000001a7000 	/System/Library/Frameworks/Accelerate.framework/Versions/A/Frameworks/vecLib.framework/Versions/A/libvDSP.dylib
0x00000000001a7000 	/System/Library/Frameworks/Accelerate.framework/Versions/A/Frameworks/vecLib.framework/Versions/A/libvMisc.dylib
0x00000000001a7000 	/System/Library/Frameworks/Accelerate.framework/Versions/A/Frameworks/vecLib.framework/Versions/A/libLAPACK.dylib
0x00000000001a7000 	/System/Library/Frameworks/Accelerate.framework/Versions/A/Frameworks/vecLib.framework/Versions/A/libBLAS.dylib
0x00000000001a7000 	/System/Library/Frameworks/ImageIO.framework/Versions/A/Resources/libJPEG.dylib
0x00000000001a7000 	/System/Library/Frameworks/ImageIO.framework/Versions/A/Resources/libTIFF.dylib
0x00000000001a7000 	/System/Library/Frameworks/ImageIO.framework/Versions/A/Resources/libPng.dylib
0x00000000001a7000 	/System/Library/Frameworks/ImageIO.framework/Versions/A/Resources/libGIF.dylib
0x00000000001a7000 	/System/Library/Frameworks/ImageIO.framework/Versions/A/Resources/libJP2.dylib
0x00000000001a7000 	/System/Library/Frameworks/ImageIO.framework/Versions/A/Resources/libRadiance.dylib
0x00000000001a7000 	/usr/lib/libcups.2.dylib
0x00000000001a7000 	/System/Library/Frameworks/Kerberos.framework/Versions/A/Kerberos
0x00000000001a7000 	/System/Library/Frameworks/GSS.framework/Versions/A/GSS
0x00000000001a7000 	/usr/lib/libresolv.9.dylib
0x00000000001a7000 	/usr/lib/libiconv.2.dylib
0x00000000001a7000 	/System/Library/PrivateFrameworks/Heimdal.framework/Versions/A/Heimdal
0x00000000001a7000 	/System/Library/PrivateFrameworks/TrustEvaluationAgent.framework/Versions/A/TrustEvaluationAgent
0x00000000001a7000 	/System/Library/Frameworks/OpenDirectory.framework/Versions/A/OpenDirectory
0x00000000001a7000 	/System/Library/PrivateFrameworks/CommonAuth.framework/Versions/A/CommonAuth
0x00000000001a7000 	/System/Library/PrivateFrameworks/Bom.framework/Versions/A/Bom
0x00000000001a7000 	/System/Library/Frameworks/CoreVideo.framework/Versions/A/CoreVideo
0x00000000001a7000 	/System/Library/Frameworks/QuartzCore.framework/Versions/A/Frameworks/CoreImage.framework/Versions/A/CoreImage
0x00000000001a7000 	/System/Library/Frameworks/QuartzCore.framework/Versions/A/Frameworks/ScalableUserInterface.framework/Versions/A/ScalableUserInterface
0x00000000001a7000 	/System/Library/Frameworks/OpenGL.framework/Versions/A/Libraries/libGLU.dylib
0x00000000001a7000 	/System/Library/Frameworks/OpenGL.framework/Versions/A/Libraries/libGFXShared.dylib
0x00000000001a7000 	/System/Library/Frameworks/OpenGL.framework/Versions/A/Libraries/libGL.dylib
0x00000000001a7000 	/System/Library/Frameworks/OpenGL.framework/Versions/A/Libraries/libGLImage.dylib
0x00000000001a7000 	/System/Library/Frameworks/OpenGL.framework/Versions/A/Libraries/libCVMSPluginSupport.dylib
0x00000000001a7000 	/System/Library/Frameworks/OpenGL.framework/Versions/A/Libraries/libCoreVMClient.dylib
0x00000000001a7000 	/System/Library/PrivateFrameworks/CrashReporterSupport.framework/Versions/A/CrashReporterSupport
0x00000000001a7000 	/System/Library/Frameworks/OpenCL.framework/Versions/A/OpenCL
0x00000000001a7000 	/System/Library/PrivateFrameworks/FaceCoreLight.framework/Versions/A/FaceCoreLight
0x00000000001a7000 	/System/Library/PrivateFrameworks/AppleFSCompression.framework/Versions/A/AppleFSCompression
0x00000000001a7000 	/System/Library/PrivateFrameworks/Ubiquity.framework/Versions/A/Ubiquity
0x00000000001a7000 	/System/Library/Frameworks/ServiceManagement.framework/Versions/A/ServiceManagement
0x00000000001a7000 	/System/Library/PrivateFrameworks/ChunkingLibrary.framework/Versions/A/ChunkingLibrary
0x00000000001a7000 	/System/Library/Frameworks/vecLib.framework/Versions/A/vecLib
0x00000000001a7000 	/System/Library/Frameworks/SecurityFoundation.framework/Versions/A/SecurityFoundation
0x00000000001a7000 	/System/Library/PrivateFrameworks/CommerceKit.framework/Versions/A/Frameworks/CommerceCore.framework/Versions/A/CommerceCore
0x00000000001a7000 	/System/Library/PrivateFrameworks/CoreSymbolication.framework/Versions/A/CoreSymbolication
0x00000000001a7000 	/System/Library/PrivateFrameworks/Symbolication.framework/Versions/A/Symbolication
0x00000000001a7000 	/System/Library/PrivateFrameworks/DebugSymbols.framework/Versions/A/DebugSymbols
0x000000004ee3d000 	/System/Library/CoreServices/Encodings/libJapaneseConverter.dylib
0x0000000109873000 	/Library/Java/JavaVirtualMachines/jdk1.7.0_60.jdk/Contents/Home/jre/lib/server/libjvm.dylib
0x000000010a3d5000 	/Library/Java/JavaVirtualMachines/jdk1.7.0_60.jdk/Contents/Home/jre/lib/libverify.dylib
0x000000010a3e2000 	/Library/Java/JavaVirtualMachines/jdk1.7.0_60.jdk/Contents/Home/jre/lib/libjava.dylib
0x000000010a49f000 	/Library/Java/JavaVirtualMachines/jdk1.7.0_60.jdk/Contents/Home/jre/lib/libzip.dylib
0x000000010d568000 	/System/Library/Frameworks/JavaVM.framework/Frameworks/JavaRuntimeSupport.framework/JavaRuntimeSupport
0x0000000198f85000 	/System/Library/Frameworks/JavaVM.framework/Versions/A/Frameworks/JavaNativeFoundation.framework/Versions/A/JavaNativeFoundation
0x0000000198f9a000 	/System/Library/Frameworks/JavaVM.framework/Versions/A/JavaVM
0x00000000001a7000 	/System/Library/Frameworks/Carbon.framework/Versions/A/Carbon
0x0000000198fa7000 	/System/Library/PrivateFrameworks/JavaLaunching.framework/Versions/A/JavaLaunching
0x00000000001a7000 	/System/Library/Frameworks/Carbon.framework/Versions/A/Frameworks/CommonPanels.framework/Versions/A/CommonPanels
0x00000000001a7000 	/System/Library/Frameworks/Carbon.framework/Versions/A/Frameworks/Help.framework/Versions/A/Help
0x00000000001a7000 	/System/Library/Frameworks/Carbon.framework/Versions/A/Frameworks/ImageCapture.framework/Versions/A/ImageCapture
0x00000000001a7000 	/System/Library/Frameworks/Carbon.framework/Versions/A/Frameworks/OpenScripting.framework/Versions/A/OpenScripting
0x00000000001a7000 	/System/Library/Frameworks/Carbon.framework/Versions/A/Frameworks/Print.framework/Versions/A/Print
0x00000000001a7000 	/System/Library/Frameworks/Carbon.framework/Versions/A/Frameworks/SecurityHI.framework/Versions/A/SecurityHI
0x0000000199615000 	/Library/Java/JavaVirtualMachines/jdk1.7.0_60.jdk/Contents/Home/jre/lib/libnet.dylib
0x00000001998af000 	/Library/Java/JavaVirtualMachines/jdk1.7.0_60.jdk/Contents/Home/jre/lib/libnio.dylib

VM Arguments:
java_command: ghostclient.jar 1 10 1
Launcher Type: SUN_STANDARD

Environment Variables:
CLASSPATH=/Library/Java/Extensions:.
PATH=/Applications/TeXLive/Library/texlive/2013/bin/x86_64-darwin:/home/t11125su/CNSiMac/bin:/pub/sfc/bin:/usr/local/bin:/opt/local/bin:/bin:/usr/bin:/usr/X11R6/bin:.:/home/t11125su/CNSiMac/bin
SHELL=/bin/tcsh
HOSTTYPE=intel-mac
OSTYPE=darwin
MACHTYPE=x86_64

Signal Handlers:
SIGSEGV: [libjvm.dylib+0x52b7b1], sa_mask[0]=0xfffefeff, sa_flags=0x00000043
SIGBUS: [libjvm.dylib+0x52b7b1], sa_mask[0]=0xfffefeff, sa_flags=0x00000042
SIGFPE: [libjvm.dylib+0x41e28a], sa_mask[0]=0xfffefeff, sa_flags=0x00000042
SIGPIPE: [libjvm.dylib+0x41e28a], sa_mask[0]=0xfffefeff, sa_flags=0x00000042
SIGXFSZ: [libjvm.dylib+0x41e28a], sa_mask[0]=0xfffefeff, sa_flags=0x00000042
SIGILL: [libjvm.dylib+0x41e28a], sa_mask[0]=0xfffefeff, sa_flags=0x00000042
SIGUSR1: SIG_DFL, sa_mask[0]=0x00000000, sa_flags=0x00000002
SIGUSR2: [libjvm.dylib+0x41dd7c], sa_mask[0]=0x00000000, sa_flags=0x00000042
SIGHUP: [libjvm.dylib+0x41c00b], sa_mask[0]=0xfffefeff, sa_flags=0x00000042
SIGINT: [libjvm.dylib+0x41c00b], sa_mask[0]=0xfffefeff, sa_flags=0x00000042
SIGTERM: [libjvm.dylib+0x41c00b], sa_mask[0]=0xfffefeff, sa_flags=0x00000042
SIGQUIT: [libjvm.dylib+0x41c00b], sa_mask[0]=0xfffefeff, sa_flags=0x00000042


---------------  S Y S T E M  ---------------

OS:Bsduname:Darwin 12.5.0 Darwin Kernel Version 12.5.0: Sun Sep 29 13:33:47 PDT 2013; root:xnu-2050.48.12~1/RELEASE_X86_64 x86_64
rlimit: STACK 8192k, CORE 0k, NPROC 709, NOFILE 10240, AS infinity
load average:0.22 0.18 0.20

CPU:total 4 (4 cores per cpu, 1 threads per core) family 6 model 58 stepping 9, cmov, cx8, fxsr, mmx, sse, sse2, sse3, ssse3, sse4.1, sse4.2, popcnt, avx, aes, erms, tsc, tscinvbit, tscinv

Memory: 4k page, physical 8388608k(2097152k free)

/proc/meminfo:


vm_info: Java HotSpot(TM) 64-Bit Server VM (24.60-b09) for bsd-amd64 JRE (1.7.0_60-b19), built on May  7 2014 12:52:25 by "java_re" with gcc 4.2.1 (Based on Apple Inc. build 5658) (LLVM build 2336.11.00)

time: Sat Jan 17 10:58:48 2015
elapsed time: 306 seconds

